This is pdfTeX, Version 3.1415926-2.4-1.40.13 (TeX Live 2012/Debian) (format=pdflatex 2013.8.15)  12 JAN 2014 18:18
entering extended mode
 restricted \write18 enabled.
 %&-line parsing enabled.
**sheets.tex
(./sheets.tex
LaTeX2e <2011/06/27>
Babel <v3.8m> and hyphenation patterns for english, dumylang, nohyphenation, lo
aded.
(/usr/share/texlive/texmf-dist/tex/latex/base/article.cls
Document Class: article 2007/10/19 v1.4h Standard LaTeX document class
(/usr/share/texlive/texmf-dist/tex/latex/base/size10.clo
File: size10.clo 2007/10/19 v1.4h Standard LaTeX file (size option)
)
\c@part=\count79
\c@section=\count80
\c@subsection=\count81
\c@subsubsection=\count82
\c@paragraph=\count83
\c@subparagraph=\count84
\c@figure=\count85
\c@table=\count86
\abovecaptionskip=\skip41
\belowcaptionskip=\skip42
\bibindent=\dimen102
)
(/usr/share/texlive/texmf-dist/tex/latex/psnfss/times.sty
Package: times 2005/04/12 PSNFSS-v9.2a (SPQR) 
)
(/usr/share/texlive/texmf-dist/tex/latex/tools/array.sty
Package: array 2008/09/09 v2.4c Tabular extension package (FMi)
\col@sep=\dimen103
\extrarowheight=\dimen104
\NC@list=\toks14
\extratabsurround=\skip43
\backup@length=\skip44
) (./sheets.aux)
\openout1 = `sheets.aux'.

LaTeX Font Info:    Checking defaults for OML/cmm/m/it on input line 14.
LaTeX Font Info:    ... okay on input line 14.
LaTeX Font Info:    Checking defaults for T1/cmr/m/n on input line 14.
LaTeX Font Info:    ... okay on input line 14.
LaTeX Font Info:    Checking defaults for OT1/cmr/m/n on input line 14.
LaTeX Font Info:    ... okay on input line 14.
LaTeX Font Info:    Checking defaults for OMS/cmsy/m/n on input line 14.
LaTeX Font Info:    ... okay on input line 14.
LaTeX Font Info:    Checking defaults for OMX/cmex/m/n on input line 14.
LaTeX Font Info:    ... okay on input line 14.
LaTeX Font Info:    Checking defaults for U/cmr/m/n on input line 14.
LaTeX Font Info:    ... okay on input line 14.
LaTeX Font Info:    Try loading font information for OT1+ptm on input line 14.

(/usr/share/texlive/texmf-dist/tex/latex/psnfss/ot1ptm.fd
File: ot1ptm.fd 2001/06/04 font definitions for OT1/ptm.
)
LaTeX Font Info:    Font shape `OT1/ptm/bx/n' in size <12> not available
(Font)              Font shape `OT1/ptm/b/n' tried instead on input line 29.
LaTeX Font Info:    Font shape `OT1/ptm/bx/n' in size <10> not available
(Font)              Font shape `OT1/ptm/b/n' tried instead on input line 29.
 (./OM-1.tex
LaTeX Font Info:    External font `cmex10' loaded for size
(Font)              <8> on input line 1.
LaTeX Font Info:    External font `cmex10' loaded for size
(Font)              <6> on input line 1.
LaTeX Font Info:    External font `cmex10' loaded for size
(Font)              <5> on input line 1.
LaTeX Font Info:    Font shape `OT1/ptm/bx/n' in size <8> not available
(Font)              Font shape `OT1/ptm/b/n' tried instead on input line 5.

Underfull \hbox (badness 1024) in paragraph at lines 14--14
[]|\OT1/ptm/m/sc/8 Organizational con-
 []

) [1


{/var/lib/texmf/fonts/map/pdftex/updmap/pdftex.map}] (./OM-2.tex) [2

]
(./OM-3.tex) [3

] (./OM-4.tex) [4

] (./OM-5.tex
Underfull \hbox (badness 10000) in paragraph at lines 16--16
[]|\OT1/ptm/m/sc/8 Technical fea-si-bil-
 []

) [5

] (./TM-1.tex) [6

] (./TM-2.tex
Underfull \hbox (badness 10000) in paragraph at lines 25--25
[]|\OT1/ptm/m/n/8 Highly spe-cial-ized,
 []


Underfull \hbox (badness 10000) in paragraph at lines 94--94
[]|\OT1/ptm/m/n/8 Highly spe-cial-ized,
 []

[7

]
Underfull \hbox (badness 10000) in paragraph at lines 164--164
[]|\OT1/ptm/m/n/8 Highly spe-cial-ized,
 []

) [8] (./AM-1.tex) [9

] (./OTA-1.tex) [10

] (./KM-1.tex) [11

] (./CM-1.tex)
[12

] (./CM-2.tex) [13

] (./DM-1.tex) [14

] (./DM-2.tex) [15

] (./DM-3.tex)
[16

] (./DM-4.tex) [17

] (./PM-1.tex) [18

] (./PM-2.tex) [19

] (./sheets.aux) ) 
Here is how much of TeX's memory you used:
 387 strings out of 495059
 4225 string characters out of 3182030
 64436 words of memory out of 3000000
 3575 multiletter control sequences out of 15000+200000
 17426 words of font info for 35 fonts, out of 3000000 for 9000
 14 hyphenation exceptions out of 8191
 23i,8n,17p,391b,256s stack positions out of 5000i,500n,10000p,200000b,50000s
{/usr/share/texlive/texmf-dist/fonts/enc/dvips/base/8r.enc}</
usr/share/texlive/texmf-dist/fonts/type1/urw/times/utmb8a.pfb></usr/share/texli
ve/texmf-dist/fonts/type1/urw/times/utmr8a.pfb></usr/share/texlive/texmf-dist/f
onts/type1/urw/times/utmri8a.pfb>
Output written on sheets.pdf (19 pages, 89900 bytes).
PDF statistics:
 79 PDF objects out of 1000 (max. 8388607)
 54 compressed objects within 1 object stream
 0 named destinations out of 1000 (max. 500000)
 1 words of extra memory for PDF output out of 10000 (max. 10000000)

